<?xml version="1.0" encoding="UTF-8"?>
<!-- Generated by org.testng.reporters.JUnitXMLReporter -->
<testsuite ignored="0" hostname="Chohees-MBP" failures="2" tests="24" name="TutorialsNinja Automation TestCases" time="150.315" errors="0" timestamp="2023-06-24T20:47:44 EDT">
  <testcase classname="com.tutorialsninja.qa.testcases.RegisterTest$LoginTest" name="registerAccountWithMandatoryFields" time="0.94"/>
  <testcase classname="com.tutorialsninja.qa.testcases.LoginTest" name="verifyLoginWithValidCredentials" time="1.137"/>
  <testcase classname="com.tutorialsninja.qa.testcases.LoginTest" name="verifyLoginWithValidCredentials" time="1.147"/>
  <testcase classname="com.tutorialsninja.qa.testcases.LoginTest" name="verifyLoginWithValidCredentials" time="0.807"/>
  <testcase classname="com.tutorialsninja.qa.testcases.LoginTest" name="verifyLoginWithValidCredentials" time="0.813"/>
  <testcase classname="com.tutorialsninja.qa.testcases.LoginTest" name="verifyLoginWithValidCredentials" time="0.814"/>
  <testcase classname="com.tutorialsninja.qa.testcases.LoginTest" name="verifyLoginWithValidCredentials" time="0.879"/>
  <testcase classname="com.tutorialsninja.qa.testcases.LoginTest" name="verifyLoginWithValidCredentials" time="0.862"/>
  <testcase classname="com.tutorialsninja.qa.testcases.LoginTest" name="verifyLoginWithValidCredentials" time="0.871"/>
  <testcase classname="com.tutorialsninja.qa.testcases.LoginTest" name="verifyLoginWithValidCredentials" time="0.848"/>
  <testcase classname="com.tutorialsninja.qa.testcases.LoginTest" name="verifyLoginWithValidCredentials" time="0.797"/>
  <testcase classname="com.tutorialsninja.qa.testcases.LoginTest" name="verifyLoginWithValidCredentials" time="0.923"/>
  <testcase classname="com.tutorialsninja.qa.testcases.RegisterTest$LoginTest" name="registerAccountWithExistingEmail" time="0.681"/>
  <testcase classname="com.tutorialsninja.qa.testcases.LoginTest" name="verifyLoginWithInvalidCredentials" time="0.501"/>
  <testcase classname="com.tutorialsninja.qa.testcases.RegisterTest$LoginTest" name="registerAccountWithAllFields" time="0.973"/>
  <testcase classname="com.tutorialsninja.qa.testcases.LoginTest" name="verifyLoginWithValidEmailInvalidPassword" time="0.534"/>
  <testcase classname="com.tutorialsninja.qa.testcases.RegisterTest$LoginTest" name="registerAccountWithNoFields" time="0.451"/>
  <testcase classname="com.tutorialsninja.qa.testcases.LoginTest" name="verifyLoginWithInvalidEmailValidPassword" time="0.521"/>
  <testcase classname="com.tutorialsninja.qa.testcases.LoginTest" name="verifyLoginWithNoCredentials" time="0.44"/>
  <testcase classname="com.tutorialsninja.qa.testcases.SearchProductTest" name="searchWithValidProduct" time="0.727">
    <failure type="java.lang.AssertionError" message="The following asserts failed:
	expected [false] but found [true]">
      <![CDATA[java.lang.AssertionError: The following asserts failed:
expected [false] but found [true]
at com.tutorialsninja.qa.testcases.SearchProductTest.searchWithValidProduct(SearchProductTest.java:33)
at java.base/java.util.ArrayList.forEach(ArrayList.java:1511)
... Removed 29 stack frames]]>
    </failure>
  </testcase> <!-- searchWithValidProduct -->
  <testcase classname="com.tutorialsninja.qa.testcases.SearchProductTest" name="searchWithInvalidProduct" time="0.493">
    <failure type="java.lang.AssertionError" message="The following asserts failed:
	expected [false] but found [true]">
      <![CDATA[java.lang.AssertionError: The following asserts failed:
expected [false] but found [true]
at com.tutorialsninja.qa.testcases.SearchProductTest.searchWithInvalidProduct(SearchProductTest.java:42)
at java.base/java.util.ArrayList.forEach(ArrayList.java:1511)
... Removed 29 stack frames]]>
    </failure>
  </testcase> <!-- searchWithInvalidProduct -->
  <testcase classname="com.tutorialsninja.qa.testcases.SearchProductTest" name="searchWithNoProduct" time="0.0">
    <skipped/>
  </testcase> <!-- searchWithNoProduct -->
  <testcase classname="com.tutorialsninja.qa.testcases.AddToCartAndCheckOut" name="addToCart" time="1.322"/>
  <testcase classname="com.tutorialsninja.qa.testcases.AddToCartAndCheckOut" name="checkOut" time="6.01"/>
</testsuite> <!-- TutorialsNinja Automation TestCases -->
