<?xml version="1.0" encoding="UTF-8"?>
<testng-results ignored="0" total="24" passed="21" failed="2" skipped="1">
  <reporter-output>
  </reporter-output>
  <suite started-at="2023-06-24T20:45:14 EDT" name="TutorialsNinja Automation Suite" finished-at="2023-06-24T20:47:44 EDT" duration-ms="150315">
    <groups>
    </groups>
    <test started-at="2023-06-24T20:45:14 EDT" name="TutorialsNinja Automation TestCases" finished-at="2023-06-24T20:47:44 EDT" duration-ms="150315">
      <class name="com.tutorialsninja.qa.testcases.SearchProductTest">
        <test-method is-config="true" signature="setup()[pri:0, instance:com.tutorialsninja.qa.testcases.SearchProductTest@55a147cc]" started-at="2023-06-24T20:47:14 EDT" name="setup" finished-at="2023-06-24T20:47:18 EDT" duration-ms="4869" status="PASS">
          <reporter-output>
          </reporter-output>
        </test-method> <!-- setup -->
        <test-method signature="searchWithValidProduct()[pri:1, instance:com.tutorialsninja.qa.testcases.SearchProductTest@55a147cc]" started-at="2023-06-24T20:47:18 EDT" name="searchWithValidProduct" finished-at="2023-06-24T20:47:19 EDT" duration-ms="727" status="FAIL">
          <exception class="java.lang.AssertionError">
            <message>
              <![CDATA[The following asserts failed:
expected [false] but found [true]]]>
            </message>
            <full-stacktrace>
              <![CDATA[java.lang.AssertionError: The following asserts failed:
expected [false] but found [true]
at org.testng.asserts.SoftAssert.assertAll(SoftAssert.java:47)
at org.testng.asserts.SoftAssert.assertAll(SoftAssert.java:31)
at com.tutorialsninja.qa.testcases.SearchProductTest.searchWithValidProduct(SearchProductTest.java:33)
at java.base/jdk.internal.reflect.NativeMethodAccessorImpl.invoke0(Native Method)
at java.base/jdk.internal.reflect.NativeMethodAccessorImpl.invoke(NativeMethodAccessorImpl.java:77)
at java.base/jdk.internal.reflect.DelegatingMethodAccessorImpl.invoke(DelegatingMethodAccessorImpl.java:43)
at java.base/java.lang.reflect.Method.invoke(Method.java:568)
at org.testng.internal.MethodInvocationHelper.invokeMethod(MethodInvocationHelper.java:133)
at org.testng.internal.TestInvoker.invokeMethod(TestInvoker.java:598)
at org.testng.internal.TestInvoker.invokeTestMethod(TestInvoker.java:173)
at org.testng.internal.MethodRunner.runInSequence(MethodRunner.java:46)
at org.testng.internal.TestInvoker$MethodInvocationAgent.invoke(TestInvoker.java:824)
at org.testng.internal.TestInvoker.invokeTestMethods(TestInvoker.java:146)
at org.testng.internal.TestMethodWorker.invokeTestMethods(TestMethodWorker.java:146)
at org.testng.internal.TestMethodWorker.run(TestMethodWorker.java:128)
at java.base/java.util.ArrayList.forEach(ArrayList.java:1511)
at org.testng.TestRunner.privateRun(TestRunner.java:794)
at org.testng.TestRunner.run(TestRunner.java:596)
at org.testng.SuiteRunner.runTest(SuiteRunner.java:377)
at org.testng.SuiteRunner.runSequentially(SuiteRunner.java:371)
at org.testng.SuiteRunner.privateRun(SuiteRunner.java:332)
at org.testng.SuiteRunner.run(SuiteRunner.java:276)
at org.testng.SuiteRunnerWorker.runSuite(SuiteRunnerWorker.java:53)
at org.testng.SuiteRunnerWorker.run(SuiteRunnerWorker.java:96)
at org.testng.TestNG.runSuitesSequentially(TestNG.java:1212)
at org.testng.TestNG.runSuitesLocally(TestNG.java:1134)
at org.testng.TestNG.runSuites(TestNG.java:1063)
at org.testng.TestNG.run(TestNG.java:1031)
at org.testng.remote.AbstractRemoteTestNG.run(AbstractRemoteTestNG.java:115)
at org.testng.remote.RemoteTestNG.initAndRun(RemoteTestNG.java:251)
at org.testng.remote.RemoteTestNG.main(RemoteTestNG.java:77)
]]>
            </full-stacktrace>
          </exception> <!-- java.lang.AssertionError -->
          <reporter-output>
          </reporter-output>
        </test-method> <!-- searchWithValidProduct -->
        <test-method is-config="true" signature="tearDown()[pri:0, instance:com.tutorialsninja.qa.testcases.SearchProductTest@55a147cc]" started-at="2023-06-24T20:47:19 EDT" name="tearDown" finished-at="2023-06-24T20:47:20 EDT" duration-ms="110" status="PASS">
          <reporter-output>
          </reporter-output>
        </test-method> <!-- tearDown -->
        <test-method is-config="true" signature="setup()[pri:0, instance:com.tutorialsninja.qa.testcases.SearchProductTest@55a147cc]" started-at="2023-06-24T20:47:20 EDT" name="setup" finished-at="2023-06-24T20:47:24 EDT" duration-ms="4863" status="PASS">
          <reporter-output>
          </reporter-output>
        </test-method> <!-- setup -->
        <test-method signature="searchWithInvalidProduct()[pri:2, instance:com.tutorialsninja.qa.testcases.SearchProductTest@55a147cc]" started-at="2023-06-24T20:47:24 EDT" name="searchWithInvalidProduct" finished-at="2023-06-24T20:47:25 EDT" duration-ms="493" status="FAIL">
          <exception class="java.lang.AssertionError">
            <message>
              <![CDATA[The following asserts failed:
expected [false] but found [true]]]>
            </message>
            <full-stacktrace>
              <![CDATA[java.lang.AssertionError: The following asserts failed:
expected [false] but found [true]
at org.testng.asserts.SoftAssert.assertAll(SoftAssert.java:47)
at org.testng.asserts.SoftAssert.assertAll(SoftAssert.java:31)
at com.tutorialsninja.qa.testcases.SearchProductTest.searchWithInvalidProduct(SearchProductTest.java:42)
at java.base/jdk.internal.reflect.NativeMethodAccessorImpl.invoke0(Native Method)
at java.base/jdk.internal.reflect.NativeMethodAccessorImpl.invoke(NativeMethodAccessorImpl.java:77)
at java.base/jdk.internal.reflect.DelegatingMethodAccessorImpl.invoke(DelegatingMethodAccessorImpl.java:43)
at java.base/java.lang.reflect.Method.invoke(Method.java:568)
at org.testng.internal.MethodInvocationHelper.invokeMethod(MethodInvocationHelper.java:133)
at org.testng.internal.TestInvoker.invokeMethod(TestInvoker.java:598)
at org.testng.internal.TestInvoker.invokeTestMethod(TestInvoker.java:173)
at org.testng.internal.MethodRunner.runInSequence(MethodRunner.java:46)
at org.testng.internal.TestInvoker$MethodInvocationAgent.invoke(TestInvoker.java:824)
at org.testng.internal.TestInvoker.invokeTestMethods(TestInvoker.java:146)
at org.testng.internal.TestMethodWorker.invokeTestMethods(TestMethodWorker.java:146)
at org.testng.internal.TestMethodWorker.run(TestMethodWorker.java:128)
at java.base/java.util.ArrayList.forEach(ArrayList.java:1511)
at org.testng.TestRunner.privateRun(TestRunner.java:794)
at org.testng.TestRunner.run(TestRunner.java:596)
at org.testng.SuiteRunner.runTest(SuiteRunner.java:377)
at org.testng.SuiteRunner.runSequentially(SuiteRunner.java:371)
at org.testng.SuiteRunner.privateRun(SuiteRunner.java:332)
at org.testng.SuiteRunner.run(SuiteRunner.java:276)
at org.testng.SuiteRunnerWorker.runSuite(SuiteRunnerWorker.java:53)
at org.testng.SuiteRunnerWorker.run(SuiteRunnerWorker.java:96)
at org.testng.TestNG.runSuitesSequentially(TestNG.java:1212)
at org.testng.TestNG.runSuitesLocally(TestNG.java:1134)
at org.testng.TestNG.runSuites(TestNG.java:1063)
at org.testng.TestNG.run(TestNG.java:1031)
at org.testng.remote.AbstractRemoteTestNG.run(AbstractRemoteTestNG.java:115)
at org.testng.remote.RemoteTestNG.initAndRun(RemoteTestNG.java:251)
at org.testng.remote.RemoteTestNG.main(RemoteTestNG.java:77)
]]>
            </full-stacktrace>
          </exception> <!-- java.lang.AssertionError -->
          <reporter-output>
          </reporter-output>
        </test-method> <!-- searchWithInvalidProduct -->
        <test-method is-config="true" signature="tearDown()[pri:0, instance:com.tutorialsninja.qa.testcases.SearchProductTest@55a147cc]" started-at="2023-06-24T20:47:25 EDT" name="tearDown" finished-at="2023-06-24T20:47:25 EDT" duration-ms="110" status="PASS">
          <reporter-output>
          </reporter-output>
        </test-method> <!-- tearDown -->
        <test-method signature="searchWithNoProduct()[pri:3, instance:com.tutorialsninja.qa.testcases.SearchProductTest@55a147cc]" started-at="2023-06-24T20:47:25 EDT" name="searchWithNoProduct" finished-at="2023-06-24T20:47:25 EDT" depends-on-methods="com.tutorialsninja.qa.testcases.SearchProductTest.searchWithValidProduct" duration-ms="0" status="SKIP">
          <exception class="java.lang.Throwable">
            <message>
              <![CDATA[Method SearchProductTest.searchWithNoProduct()[pri:3, instance:com.tutorialsninja.qa.testcases.SearchProductTest@55a147cc] depends on not successfully finished methods]]>
            </message>
            <full-stacktrace>
              <![CDATA[java.lang.Throwable: Method SearchProductTest.searchWithNoProduct()[pri:3, instance:com.tutorialsninja.qa.testcases.SearchProductTest@55a147cc] depends on not successfully finished methods
at org.testng.internal.TestInvoker.invokeTestMethods(TestInvoker.java:102)
at org.testng.internal.TestMethodWorker.invokeTestMethods(TestMethodWorker.java:146)
at org.testng.internal.TestMethodWorker.run(TestMethodWorker.java:128)
at java.base/java.util.ArrayList.forEach(ArrayList.java:1511)
at org.testng.TestRunner.privateRun(TestRunner.java:794)
at org.testng.TestRunner.run(TestRunner.java:596)
at org.testng.SuiteRunner.runTest(SuiteRunner.java:377)
at org.testng.SuiteRunner.runSequentially(SuiteRunner.java:371)
at org.testng.SuiteRunner.privateRun(SuiteRunner.java:332)
at org.testng.SuiteRunner.run(SuiteRunner.java:276)
at org.testng.SuiteRunnerWorker.runSuite(SuiteRunnerWorker.java:53)
at org.testng.SuiteRunnerWorker.run(SuiteRunnerWorker.java:96)
at org.testng.TestNG.runSuitesSequentially(TestNG.java:1212)
at org.testng.TestNG.runSuitesLocally(TestNG.java:1134)
at org.testng.TestNG.runSuites(TestNG.java:1063)
at org.testng.TestNG.run(TestNG.java:1031)
at org.testng.remote.AbstractRemoteTestNG.run(AbstractRemoteTestNG.java:115)
at org.testng.remote.RemoteTestNG.initAndRun(RemoteTestNG.java:251)
at org.testng.remote.RemoteTestNG.main(RemoteTestNG.java:77)
]]>
            </full-stacktrace>
          </exception> <!-- java.lang.Throwable -->
          <reporter-output>
          </reporter-output>
        </test-method> <!-- searchWithNoProduct -->
      </class> <!-- com.tutorialsninja.qa.testcases.SearchProductTest -->
      <class name="com.tutorialsninja.qa.testcases.AddToCartAndCheckOut">
        <test-method is-config="true" signature="setup()[pri:0, instance:com.tutorialsninja.qa.testcases.AddToCartAndCheckOut@71ba6d4e]" started-at="2023-06-24T20:47:25 EDT" name="setup" finished-at="2023-06-24T20:47:31 EDT" duration-ms="5588" status="PASS">
          <reporter-output>
          </reporter-output>
        </test-method> <!-- setup -->
        <test-method signature="addToCart()[pri:1, instance:com.tutorialsninja.qa.testcases.AddToCartAndCheckOut@71ba6d4e]" started-at="2023-06-24T20:47:31 EDT" name="addToCart" finished-at="2023-06-24T20:47:32 EDT" duration-ms="1322" status="PASS">
          <reporter-output>
          </reporter-output>
        </test-method> <!-- addToCart -->
        <test-method is-config="true" signature="tearDown()[pri:0, instance:com.tutorialsninja.qa.testcases.AddToCartAndCheckOut@71ba6d4e]" started-at="2023-06-24T20:47:32 EDT" name="tearDown" finished-at="2023-06-24T20:47:32 EDT" duration-ms="122" status="PASS">
          <reporter-output>
          </reporter-output>
        </test-method> <!-- tearDown -->
        <test-method is-config="true" signature="setup()[pri:0, instance:com.tutorialsninja.qa.testcases.AddToCartAndCheckOut@71ba6d4e]" started-at="2023-06-24T20:47:32 EDT" name="setup" finished-at="2023-06-24T20:47:38 EDT" duration-ms="5582" status="PASS">
          <reporter-output>
          </reporter-output>
        </test-method> <!-- setup -->
        <test-method signature="checkOut()[pri:2, instance:com.tutorialsninja.qa.testcases.AddToCartAndCheckOut@71ba6d4e]" started-at="2023-06-24T20:47:38 EDT" name="checkOut" finished-at="2023-06-24T20:47:44 EDT" duration-ms="6010" status="PASS">
          <reporter-output>
          </reporter-output>
        </test-method> <!-- checkOut -->
        <test-method is-config="true" signature="tearDown()[pri:0, instance:com.tutorialsninja.qa.testcases.AddToCartAndCheckOut@71ba6d4e]" started-at="2023-06-24T20:47:44 EDT" name="tearDown" finished-at="2023-06-24T20:47:44 EDT" duration-ms="109" status="PASS">
          <reporter-output>
          </reporter-output>
        </test-method> <!-- tearDown -->
      </class> <!-- com.tutorialsninja.qa.testcases.AddToCartAndCheckOut -->
      <class name="com.tutorialsninja.qa.testcases.LoginTest">
        <test-method is-config="true" signature="setup()[pri:0, instance:com.tutorialsninja.qa.testcases.LoginTest@368247b9]" started-at="2023-06-24T20:45:22 EDT" name="setup" finished-at="2023-06-24T20:45:27 EDT" duration-ms="5273" status="PASS">
          <reporter-output>
          </reporter-output>
        </test-method> <!-- setup -->
        <test-method signature="verifyLoginWithValidCredentials(java.lang.String,java.lang.String)[pri:1, instance:com.tutorialsninja.qa.testcases.LoginTest@368247b9]" started-at="2023-06-24T20:45:27 EDT" name="verifyLoginWithValidCredentials" data-provider="TN" finished-at="2023-06-24T20:45:28 EDT" duration-ms="1137" status="PASS">
          <params>
            <param index="0">
              <value>
                <![CDATA[seleniumpanda@gmail.com]]>
              </value>
            </param>
            <param index="1">
              <value>
                <![CDATA[Selenium@123]]>
              </value>
            </param>
          </params>
          <reporter-output>
          </reporter-output>
        </test-method> <!-- verifyLoginWithValidCredentials -->
        <test-method is-config="true" signature="tearDown()[pri:0, instance:com.tutorialsninja.qa.testcases.LoginTest@368247b9]" started-at="2023-06-24T20:45:28 EDT" name="tearDown" finished-at="2023-06-24T20:45:28 EDT" duration-ms="121" status="PASS">
          <reporter-output>
          </reporter-output>
        </test-method> <!-- tearDown -->
        <test-method is-config="true" signature="setup()[pri:0, instance:com.tutorialsninja.qa.testcases.LoginTest@368247b9]" started-at="2023-06-24T20:45:28 EDT" name="setup" finished-at="2023-06-24T20:45:33 EDT" duration-ms="5073" status="PASS">
          <reporter-output>
          </reporter-output>
        </test-method> <!-- setup -->
        <test-method signature="verifyLoginWithValidCredentials(java.lang.String,java.lang.String)[pri:1, instance:com.tutorialsninja.qa.testcases.LoginTest@368247b9]" started-at="2023-06-24T20:45:33 EDT" name="verifyLoginWithValidCredentials" data-provider="TN" finished-at="2023-06-24T20:45:35 EDT" duration-ms="1147" status="PASS">
          <params>
            <param index="0">
              <value>
                <![CDATA[seleniumpanda1@gmail.com]]>
              </value>
            </param>
            <param index="1">
              <value>
                <![CDATA[Selenium@123]]>
              </value>
            </param>
          </params>
          <reporter-output>
          </reporter-output>
        </test-method> <!-- verifyLoginWithValidCredentials -->
        <test-method is-config="true" signature="tearDown()[pri:0, instance:com.tutorialsninja.qa.testcases.LoginTest@368247b9]" started-at="2023-06-24T20:45:35 EDT" name="tearDown" finished-at="2023-06-24T20:45:35 EDT" duration-ms="120" status="PASS">
          <reporter-output>
          </reporter-output>
        </test-method> <!-- tearDown -->
        <test-method is-config="true" signature="setup()[pri:0, instance:com.tutorialsninja.qa.testcases.LoginTest@368247b9]" started-at="2023-06-24T20:45:35 EDT" name="setup" finished-at="2023-06-24T20:45:40 EDT" duration-ms="5148" status="PASS">
          <reporter-output>
          </reporter-output>
        </test-method> <!-- setup -->
        <test-method signature="verifyLoginWithValidCredentials(java.lang.String,java.lang.String)[pri:1, instance:com.tutorialsninja.qa.testcases.LoginTest@368247b9]" started-at="2023-06-24T20:45:40 EDT" name="verifyLoginWithValidCredentials" data-provider="TN" finished-at="2023-06-24T20:45:41 EDT" duration-ms="807" status="PASS">
          <params>
            <param index="0">
              <value>
                <![CDATA[seleniumpanda2@gmail.com]]>
              </value>
            </param>
            <param index="1">
              <value>
                <![CDATA[Selenium@123]]>
              </value>
            </param>
          </params>
          <reporter-output>
          </reporter-output>
        </test-method> <!-- verifyLoginWithValidCredentials -->
        <test-method is-config="true" signature="tearDown()[pri:0, instance:com.tutorialsninja.qa.testcases.LoginTest@368247b9]" started-at="2023-06-24T20:45:41 EDT" name="tearDown" finished-at="2023-06-24T20:45:41 EDT" duration-ms="119" status="PASS">
          <reporter-output>
          </reporter-output>
        </test-method> <!-- tearDown -->
        <test-method is-config="true" signature="setup()[pri:0, instance:com.tutorialsninja.qa.testcases.LoginTest@368247b9]" started-at="2023-06-24T20:45:41 EDT" name="setup" finished-at="2023-06-24T20:45:46 EDT" duration-ms="5528" status="PASS">
          <reporter-output>
          </reporter-output>
        </test-method> <!-- setup -->
        <test-method signature="verifyLoginWithValidCredentials(java.lang.String,java.lang.String)[pri:1, instance:com.tutorialsninja.qa.testcases.LoginTest@368247b9]" started-at="2023-06-24T20:45:46 EDT" name="verifyLoginWithValidCredentials" data-provider="TN" finished-at="2023-06-24T20:45:47 EDT" duration-ms="813" status="PASS">
          <params>
            <param index="0">
              <value>
                <![CDATA[seleniumpanda3@gmail.com]]>
              </value>
            </param>
            <param index="1">
              <value>
                <![CDATA[Selenium@123]]>
              </value>
            </param>
          </params>
          <reporter-output>
          </reporter-output>
        </test-method> <!-- verifyLoginWithValidCredentials -->
        <test-method is-config="true" signature="tearDown()[pri:0, instance:com.tutorialsninja.qa.testcases.LoginTest@368247b9]" started-at="2023-06-24T20:45:47 EDT" name="tearDown" finished-at="2023-06-24T20:45:47 EDT" duration-ms="114" status="PASS">
          <reporter-output>
          </reporter-output>
        </test-method> <!-- tearDown -->
        <test-method is-config="true" signature="setup()[pri:0, instance:com.tutorialsninja.qa.testcases.LoginTest@368247b9]" started-at="2023-06-24T20:45:47 EDT" name="setup" finished-at="2023-06-24T20:45:52 EDT" duration-ms="5095" status="PASS">
          <reporter-output>
          </reporter-output>
        </test-method> <!-- setup -->
        <test-method signature="verifyLoginWithValidCredentials(java.lang.String,java.lang.String)[pri:1, instance:com.tutorialsninja.qa.testcases.LoginTest@368247b9]" started-at="2023-06-24T20:45:52 EDT" name="verifyLoginWithValidCredentials" data-provider="TN" finished-at="2023-06-24T20:45:53 EDT" duration-ms="814" status="PASS">
          <params>
            <param index="0">
              <value>
                <![CDATA[seleniumpanda4@gmail.com]]>
              </value>
            </param>
            <param index="1">
              <value>
                <![CDATA[Selenium@123]]>
              </value>
            </param>
          </params>
          <reporter-output>
          </reporter-output>
        </test-method> <!-- verifyLoginWithValidCredentials -->
        <test-method is-config="true" signature="tearDown()[pri:0, instance:com.tutorialsninja.qa.testcases.LoginTest@368247b9]" started-at="2023-06-24T20:45:53 EDT" name="tearDown" finished-at="2023-06-24T20:45:53 EDT" duration-ms="119" status="PASS">
          <reporter-output>
          </reporter-output>
        </test-method> <!-- tearDown -->
        <test-method is-config="true" signature="setup()[pri:0, instance:com.tutorialsninja.qa.testcases.LoginTest@368247b9]" started-at="2023-06-24T20:45:53 EDT" name="setup" finished-at="2023-06-24T20:45:59 EDT" duration-ms="5344" status="PASS">
          <reporter-output>
          </reporter-output>
        </test-method> <!-- setup -->
        <test-method signature="verifyLoginWithValidCredentials(java.lang.String,java.lang.String)[pri:1, instance:com.tutorialsninja.qa.testcases.LoginTest@368247b9]" started-at="2023-06-24T20:45:59 EDT" name="verifyLoginWithValidCredentials" data-provider="TN" finished-at="2023-06-24T20:46:00 EDT" duration-ms="879" status="PASS">
          <params>
            <param index="0">
              <value>
                <![CDATA[seleniumpanda5@gmail.com]]>
              </value>
            </param>
            <param index="1">
              <value>
                <![CDATA[Selenium@123]]>
              </value>
            </param>
          </params>
          <reporter-output>
          </reporter-output>
        </test-method> <!-- verifyLoginWithValidCredentials -->
        <test-method is-config="true" signature="tearDown()[pri:0, instance:com.tutorialsninja.qa.testcases.LoginTest@368247b9]" started-at="2023-06-24T20:46:00 EDT" name="tearDown" finished-at="2023-06-24T20:46:00 EDT" duration-ms="106" status="PASS">
          <reporter-output>
          </reporter-output>
        </test-method> <!-- tearDown -->
        <test-method is-config="true" signature="setup()[pri:0, instance:com.tutorialsninja.qa.testcases.LoginTest@368247b9]" started-at="2023-06-24T20:46:00 EDT" name="setup" finished-at="2023-06-24T20:46:05 EDT" duration-ms="5381" status="PASS">
          <reporter-output>
          </reporter-output>
        </test-method> <!-- setup -->
        <test-method signature="verifyLoginWithValidCredentials(java.lang.String,java.lang.String)[pri:1, instance:com.tutorialsninja.qa.testcases.LoginTest@368247b9]" started-at="2023-06-24T20:46:05 EDT" name="verifyLoginWithValidCredentials" data-provider="TN" finished-at="2023-06-24T20:46:06 EDT" duration-ms="862" status="PASS">
          <params>
            <param index="0">
              <value>
                <![CDATA[seleniumpanda6@gmail.com]]>
              </value>
            </param>
            <param index="1">
              <value>
                <![CDATA[Selenium@123]]>
              </value>
            </param>
          </params>
          <reporter-output>
          </reporter-output>
        </test-method> <!-- verifyLoginWithValidCredentials -->
        <test-method is-config="true" signature="tearDown()[pri:0, instance:com.tutorialsninja.qa.testcases.LoginTest@368247b9]" started-at="2023-06-24T20:46:06 EDT" name="tearDown" finished-at="2023-06-24T20:46:06 EDT" duration-ms="112" status="PASS">
          <reporter-output>
          </reporter-output>
        </test-method> <!-- tearDown -->
        <test-method is-config="true" signature="setup()[pri:0, instance:com.tutorialsninja.qa.testcases.LoginTest@368247b9]" started-at="2023-06-24T20:46:06 EDT" name="setup" finished-at="2023-06-24T20:46:11 EDT" duration-ms="5268" status="PASS">
          <reporter-output>
          </reporter-output>
        </test-method> <!-- setup -->
        <test-method signature="verifyLoginWithValidCredentials(java.lang.String,java.lang.String)[pri:1, instance:com.tutorialsninja.qa.testcases.LoginTest@368247b9]" started-at="2023-06-24T20:46:11 EDT" name="verifyLoginWithValidCredentials" data-provider="TN" finished-at="2023-06-24T20:46:12 EDT" duration-ms="871" status="PASS">
          <params>
            <param index="0">
              <value>
                <![CDATA[seleniumpanda7@gmail.com]]>
              </value>
            </param>
            <param index="1">
              <value>
                <![CDATA[Selenium@123]]>
              </value>
            </param>
          </params>
          <reporter-output>
          </reporter-output>
        </test-method> <!-- verifyLoginWithValidCredentials -->
        <test-method is-config="true" signature="tearDown()[pri:0, instance:com.tutorialsninja.qa.testcases.LoginTest@368247b9]" started-at="2023-06-24T20:46:12 EDT" name="tearDown" finished-at="2023-06-24T20:46:12 EDT" duration-ms="110" status="PASS">
          <reporter-output>
          </reporter-output>
        </test-method> <!-- tearDown -->
        <test-method is-config="true" signature="setup()[pri:0, instance:com.tutorialsninja.qa.testcases.LoginTest@368247b9]" started-at="2023-06-24T20:46:12 EDT" name="setup" finished-at="2023-06-24T20:46:18 EDT" duration-ms="5290" status="PASS">
          <reporter-output>
          </reporter-output>
        </test-method> <!-- setup -->
        <test-method signature="verifyLoginWithValidCredentials(java.lang.String,java.lang.String)[pri:1, instance:com.tutorialsninja.qa.testcases.LoginTest@368247b9]" started-at="2023-06-24T20:46:18 EDT" name="verifyLoginWithValidCredentials" data-provider="TN" finished-at="2023-06-24T20:46:18 EDT" duration-ms="848" status="PASS">
          <params>
            <param index="0">
              <value>
                <![CDATA[seleniumpanda8@gmail.com]]>
              </value>
            </param>
            <param index="1">
              <value>
                <![CDATA[Selenium@123]]>
              </value>
            </param>
          </params>
          <reporter-output>
          </reporter-output>
        </test-method> <!-- verifyLoginWithValidCredentials -->
        <test-method is-config="true" signature="tearDown()[pri:0, instance:com.tutorialsninja.qa.testcases.LoginTest@368247b9]" started-at="2023-06-24T20:46:18 EDT" name="tearDown" finished-at="2023-06-24T20:46:18 EDT" duration-ms="107" status="PASS">
          <reporter-output>
          </reporter-output>
        </test-method> <!-- tearDown -->
        <test-method is-config="true" signature="setup()[pri:0, instance:com.tutorialsninja.qa.testcases.LoginTest@368247b9]" started-at="2023-06-24T20:46:18 EDT" name="setup" finished-at="2023-06-24T20:46:24 EDT" duration-ms="5232" status="PASS">
          <reporter-output>
          </reporter-output>
        </test-method> <!-- setup -->
        <test-method signature="verifyLoginWithValidCredentials(java.lang.String,java.lang.String)[pri:1, instance:com.tutorialsninja.qa.testcases.LoginTest@368247b9]" started-at="2023-06-24T20:46:24 EDT" name="verifyLoginWithValidCredentials" data-provider="TN" finished-at="2023-06-24T20:46:24 EDT" duration-ms="797" status="PASS">
          <params>
            <param index="0">
              <value>
                <![CDATA[seleniumpanda9@gmail.com]]>
              </value>
            </param>
            <param index="1">
              <value>
                <![CDATA[Selenium@123]]>
              </value>
            </param>
          </params>
          <reporter-output>
          </reporter-output>
        </test-method> <!-- verifyLoginWithValidCredentials -->
        <test-method is-config="true" signature="tearDown()[pri:0, instance:com.tutorialsninja.qa.testcases.LoginTest@368247b9]" started-at="2023-06-24T20:46:24 EDT" name="tearDown" finished-at="2023-06-24T20:46:25 EDT" duration-ms="109" status="PASS">
          <reporter-output>
          </reporter-output>
        </test-method> <!-- tearDown -->
        <test-method is-config="true" signature="setup()[pri:0, instance:com.tutorialsninja.qa.testcases.LoginTest@368247b9]" started-at="2023-06-24T20:46:25 EDT" name="setup" finished-at="2023-06-24T20:46:30 EDT" duration-ms="5279" status="PASS">
          <reporter-output>
          </reporter-output>
        </test-method> <!-- setup -->
        <test-method signature="verifyLoginWithValidCredentials(java.lang.String,java.lang.String)[pri:1, instance:com.tutorialsninja.qa.testcases.LoginTest@368247b9]" started-at="2023-06-24T20:46:30 EDT" name="verifyLoginWithValidCredentials" data-provider="TN" finished-at="2023-06-24T20:46:31 EDT" duration-ms="923" status="PASS">
          <params>
            <param index="0">
              <value>
                <![CDATA[seleniumpanda10@gmail.com]]>
              </value>
            </param>
            <param index="1">
              <value>
                <![CDATA[Selenium@123]]>
              </value>
            </param>
          </params>
          <reporter-output>
          </reporter-output>
        </test-method> <!-- verifyLoginWithValidCredentials -->
        <test-method is-config="true" signature="tearDown()[pri:0, instance:com.tutorialsninja.qa.testcases.LoginTest@368247b9]" started-at="2023-06-24T20:46:31 EDT" name="tearDown" finished-at="2023-06-24T20:46:31 EDT" duration-ms="111" status="PASS">
          <reporter-output>
          </reporter-output>
        </test-method> <!-- tearDown -->
        <test-method is-config="true" signature="setup()[pri:0, instance:com.tutorialsninja.qa.testcases.LoginTest@368247b9]" started-at="2023-06-24T20:46:37 EDT" name="setup" finished-at="2023-06-24T20:46:42 EDT" duration-ms="5245" status="PASS">
          <reporter-output>
          </reporter-output>
        </test-method> <!-- setup -->
        <test-method signature="verifyLoginWithInvalidCredentials()[pri:2, instance:com.tutorialsninja.qa.testcases.LoginTest@368247b9]" started-at="2023-06-24T20:46:42 EDT" name="verifyLoginWithInvalidCredentials" finished-at="2023-06-24T20:46:43 EDT" duration-ms="501" status="PASS">
          <reporter-output>
          </reporter-output>
        </test-method> <!-- verifyLoginWithInvalidCredentials -->
        <test-method is-config="true" signature="tearDown()[pri:0, instance:com.tutorialsninja.qa.testcases.LoginTest@368247b9]" started-at="2023-06-24T20:46:43 EDT" name="tearDown" finished-at="2023-06-24T20:46:43 EDT" duration-ms="110" status="PASS">
          <reporter-output>
          </reporter-output>
        </test-method> <!-- tearDown -->
        <test-method is-config="true" signature="setup()[pri:0, instance:com.tutorialsninja.qa.testcases.LoginTest@368247b9]" started-at="2023-06-24T20:46:50 EDT" name="setup" finished-at="2023-06-24T20:46:55 EDT" duration-ms="5430" status="PASS">
          <reporter-output>
          </reporter-output>
        </test-method> <!-- setup -->
        <test-method signature="verifyLoginWithValidEmailInvalidPassword()[pri:3, instance:com.tutorialsninja.qa.testcases.LoginTest@368247b9]" started-at="2023-06-24T20:46:55 EDT" name="verifyLoginWithValidEmailInvalidPassword" finished-at="2023-06-24T20:46:56 EDT" duration-ms="534" status="PASS">
          <reporter-output>
          </reporter-output>
        </test-method> <!-- verifyLoginWithValidEmailInvalidPassword -->
        <test-method is-config="true" signature="tearDown()[pri:0, instance:com.tutorialsninja.qa.testcases.LoginTest@368247b9]" started-at="2023-06-24T20:46:56 EDT" name="tearDown" finished-at="2023-06-24T20:46:56 EDT" duration-ms="111" status="PASS">
          <reporter-output>
          </reporter-output>
        </test-method> <!-- tearDown -->
        <test-method is-config="true" signature="setup()[pri:0, instance:com.tutorialsninja.qa.testcases.LoginTest@368247b9]" started-at="2023-06-24T20:47:02 EDT" name="setup" finished-at="2023-06-24T20:47:07 EDT" duration-ms="5377" status="PASS">
          <reporter-output>
          </reporter-output>
        </test-method> <!-- setup -->
        <test-method signature="verifyLoginWithInvalidEmailValidPassword()[pri:4, instance:com.tutorialsninja.qa.testcases.LoginTest@368247b9]" started-at="2023-06-24T20:47:07 EDT" name="verifyLoginWithInvalidEmailValidPassword" finished-at="2023-06-24T20:47:08 EDT" duration-ms="521" status="PASS">
          <reporter-output>
          </reporter-output>
        </test-method> <!-- verifyLoginWithInvalidEmailValidPassword -->
        <test-method is-config="true" signature="tearDown()[pri:0, instance:com.tutorialsninja.qa.testcases.LoginTest@368247b9]" started-at="2023-06-24T20:47:08 EDT" name="tearDown" finished-at="2023-06-24T20:47:08 EDT" duration-ms="122" status="PASS">
          <reporter-output>
          </reporter-output>
        </test-method> <!-- tearDown -->
        <test-method is-config="true" signature="setup()[pri:0, instance:com.tutorialsninja.qa.testcases.LoginTest@368247b9]" started-at="2023-06-24T20:47:08 EDT" name="setup" finished-at="2023-06-24T20:47:13 EDT" duration-ms="5283" status="PASS">
          <reporter-output>
          </reporter-output>
        </test-method> <!-- setup -->
        <test-method signature="verifyLoginWithNoCredentials()[pri:5, instance:com.tutorialsninja.qa.testcases.LoginTest@368247b9]" started-at="2023-06-24T20:47:13 EDT" name="verifyLoginWithNoCredentials" finished-at="2023-06-24T20:47:13 EDT" duration-ms="440" status="PASS">
          <reporter-output>
          </reporter-output>
        </test-method> <!-- verifyLoginWithNoCredentials -->
        <test-method is-config="true" signature="tearDown()[pri:0, instance:com.tutorialsninja.qa.testcases.LoginTest@368247b9]" started-at="2023-06-24T20:47:13 EDT" name="tearDown" finished-at="2023-06-24T20:47:14 EDT" duration-ms="107" status="PASS">
          <reporter-output>
          </reporter-output>
        </test-method> <!-- tearDown -->
      </class> <!-- com.tutorialsninja.qa.testcases.LoginTest -->
      <class name="com.tutorialsninja.qa.testcases.RegisterTest$LoginTest">
        <test-method is-config="true" signature="setup()[pri:0, instance:com.tutorialsninja.qa.testcases.RegisterTest$LoginTest@1b11171f]" started-at="2023-06-24T20:45:14 EDT" name="setup" finished-at="2023-06-24T20:45:21 EDT" duration-ms="6805" status="PASS">
          <reporter-output>
          </reporter-output>
        </test-method> <!-- setup -->
        <test-method signature="registerAccountWithMandatoryFields()[pri:1, instance:com.tutorialsninja.qa.testcases.RegisterTest$LoginTest@1b11171f]" started-at="2023-06-24T20:45:21 EDT" name="registerAccountWithMandatoryFields" finished-at="2023-06-24T20:45:22 EDT" duration-ms="940" status="PASS">
          <reporter-output>
          </reporter-output>
        </test-method> <!-- registerAccountWithMandatoryFields -->
        <test-method is-config="true" signature="tearDown()[pri:0, instance:com.tutorialsninja.qa.testcases.RegisterTest$LoginTest@1b11171f]" started-at="2023-06-24T20:45:22 EDT" name="tearDown" finished-at="2023-06-24T20:45:22 EDT" duration-ms="109" status="PASS">
          <reporter-output>
          </reporter-output>
        </test-method> <!-- tearDown -->
        <test-method is-config="true" signature="setup()[pri:0, instance:com.tutorialsninja.qa.testcases.RegisterTest$LoginTest@1b11171f]" started-at="2023-06-24T20:46:31 EDT" name="setup" finished-at="2023-06-24T20:46:36 EDT" duration-ms="5511" status="PASS">
          <reporter-output>
          </reporter-output>
        </test-method> <!-- setup -->
        <test-method signature="registerAccountWithExistingEmail()[pri:2, instance:com.tutorialsninja.qa.testcases.RegisterTest$LoginTest@1b11171f]" started-at="2023-06-24T20:46:36 EDT" name="registerAccountWithExistingEmail" finished-at="2023-06-24T20:46:37 EDT" duration-ms="681" status="PASS">
          <reporter-output>
          </reporter-output>
        </test-method> <!-- registerAccountWithExistingEmail -->
        <test-method is-config="true" signature="tearDown()[pri:0, instance:com.tutorialsninja.qa.testcases.RegisterTest$LoginTest@1b11171f]" started-at="2023-06-24T20:46:37 EDT" name="tearDown" finished-at="2023-06-24T20:46:37 EDT" duration-ms="107" status="PASS">
          <reporter-output>
          </reporter-output>
        </test-method> <!-- tearDown -->
        <test-method is-config="true" signature="setup()[pri:0, instance:com.tutorialsninja.qa.testcases.RegisterTest$LoginTest@1b11171f]" started-at="2023-06-24T20:46:43 EDT" name="setup" finished-at="2023-06-24T20:46:49 EDT" duration-ms="5505" status="PASS">
          <reporter-output>
          </reporter-output>
        </test-method> <!-- setup -->
        <test-method signature="registerAccountWithAllFields()[pri:3, instance:com.tutorialsninja.qa.testcases.RegisterTest$LoginTest@1b11171f]" started-at="2023-06-24T20:46:49 EDT" name="registerAccountWithAllFields" finished-at="2023-06-24T20:46:50 EDT" duration-ms="973" status="PASS">
          <reporter-output>
          </reporter-output>
        </test-method> <!-- registerAccountWithAllFields -->
        <test-method is-config="true" signature="tearDown()[pri:0, instance:com.tutorialsninja.qa.testcases.RegisterTest$LoginTest@1b11171f]" started-at="2023-06-24T20:46:50 EDT" name="tearDown" finished-at="2023-06-24T20:46:50 EDT" duration-ms="108" status="PASS">
          <reporter-output>
          </reporter-output>
        </test-method> <!-- tearDown -->
        <test-method is-config="true" signature="setup()[pri:0, instance:com.tutorialsninja.qa.testcases.RegisterTest$LoginTest@1b11171f]" started-at="2023-06-24T20:46:56 EDT" name="setup" finished-at="2023-06-24T20:47:01 EDT" duration-ms="5391" status="PASS">
          <reporter-output>
          </reporter-output>
        </test-method> <!-- setup -->
        <test-method signature="registerAccountWithNoFields()[pri:4, instance:com.tutorialsninja.qa.testcases.RegisterTest$LoginTest@1b11171f]" started-at="2023-06-24T20:47:01 EDT" name="registerAccountWithNoFields" finished-at="2023-06-24T20:47:02 EDT" duration-ms="451" status="PASS">
          <reporter-output>
          </reporter-output>
        </test-method> <!-- registerAccountWithNoFields -->
        <test-method is-config="true" signature="tearDown()[pri:0, instance:com.tutorialsninja.qa.testcases.RegisterTest$LoginTest@1b11171f]" started-at="2023-06-24T20:47:02 EDT" name="tearDown" finished-at="2023-06-24T20:47:02 EDT" duration-ms="110" status="PASS">
          <reporter-output>
          </reporter-output>
        </test-method> <!-- tearDown -->
      </class> <!-- com.tutorialsninja.qa.testcases.RegisterTest$LoginTest -->
    </test> <!-- TutorialsNinja Automation TestCases -->
  </suite> <!-- TutorialsNinja Automation Suite -->
</testng-results>
